<?xml version="1.0" encoding="UTF-8"?>
<robot generator="Robot 7.4.2 (Python 3.9.0 on win32)" generated="2026-09-12T18:34:55.447008" rpa="false" schemaversion="5">
<suite id="s1" name="Insurance Test Scenario2" source="E:\KAGE\work\3_1\SQA\Labs\Lab11\Assignments\insurance_test_scenario2.robot">
<test id="s1-t1" name="UAT-Lab11-002 การขอใบเสนอราคาผลิตภัณฑ์สำหรับรถยนต์ไม่สำเร็จ" line="31">
<kw name="เปิดเบราว์เซอร์เข้าสู่ระบบ" type="SETUP">
<kw name="Open Browser" owner="SeleniumLibrary">
<msg time="2026-09-12T18:34:55.724073" level="INFO">Opening browser 'chrome' to base url 'http://sampleapp.tricentis.com/'.</msg>
<arg>${URL}</arg>
<arg>${BROWSER}</arg>
<doc>Opens a new browser instance to the optional ``url``.</doc>
<status status="PASS" start="2026-09-12T18:34:55.724073" elapsed="6.054306"/>
</kw>
<kw name="Maximize Browser Window" owner="SeleniumLibrary">
<doc>Maximizes current browser window.</doc>
<status status="PASS" start="2026-09-12T18:35:01.778379" elapsed="0.024002"/>
</kw>
<status status="PASS" start="2026-09-12T18:34:55.722995" elapsed="6.079386"/>
</kw>
<kw name="Wait Until Page Contains Element" owner="SeleniumLibrary">
<arg>${MENU_AUTOMOBILE}</arg>
<arg>timeout=${TIMEOUT}</arg>
<doc>Waits until the element ``locator`` appears on the current page.</doc>
<status status="PASS" start="2026-09-12T18:35:01.803379" elapsed="0.009001"/>
</kw>
<kw name="Wait Until Element Is Visible" owner="SeleniumLibrary">
<arg>${MENU_AUTOMOBILE}</arg>
<arg>timeout=${TIMEOUT}</arg>
<doc>Waits until the element ``locator`` is visible.</doc>
<status status="PASS" start="2026-09-12T18:35:01.813381" elapsed="0.016001"/>
</kw>
<kw name="Click Element" owner="SeleniumLibrary">
<msg time="2026-09-12T18:35:01.830384" level="INFO">Clicking element 'id=nav_automobile'.</msg>
<arg>${MENU_AUTOMOBILE}</arg>
<doc>Click the element identified by ``locator``.</doc>
<status status="PASS" start="2026-09-12T18:35:01.830384" elapsed="1.765531"/>
</kw>
<kw name="Wait Until Element Is Visible" owner="SeleniumLibrary">
<arg>${MAKE}</arg>
<arg>timeout=${TIMEOUT}</arg>
<doc>Waits until the element ``locator`` is visible.</doc>
<status status="PASS" start="2026-09-12T18:35:03.596912" elapsed="0.020006"/>
</kw>
<kw name="Wait Until Element Is Visible" owner="SeleniumLibrary">
<arg>${BTN_NEXT_INSURANT}</arg>
<arg>timeout=${TIMEOUT}</arg>
<doc>Waits until the element ``locator`` is visible.</doc>
<status status="PASS" start="2026-09-12T18:35:03.617910" elapsed="0.014006"/>
</kw>
<kw name="Wait Until Element Is Enabled" owner="SeleniumLibrary">
<arg>${BTN_NEXT_INSURANT}</arg>
<arg>timeout=${TIMEOUT}</arg>
<doc>Waits until the element ``locator`` is enabled.</doc>
<status status="PASS" start="2026-09-12T18:35:03.631916" elapsed="0.018002"/>
</kw>
<kw name="Click Element" owner="SeleniumLibrary">
<msg time="2026-09-12T18:35:03.650917" level="INFO">Clicking element 'id=nextenterinsurantdata'.</msg>
<arg>${BTN_NEXT_INSURANT}</arg>
<doc>Click the element identified by ``locator``.</doc>
<status status="PASS" start="2026-09-12T18:35:03.649918" elapsed="0.056002"/>
</kw>
<kw name="Wait Until Page Contains Element" owner="SeleniumLibrary">
<arg>xpath=//a[@id='entervehicledata']//span[contains(@class,'counter')]</arg>
<arg>timeout=${TIMEOUT}</arg>
<doc>Waits until the element ``locator`` appears on the current page.</doc>
<status status="PASS" start="2026-09-12T18:35:03.706913" elapsed="0.012000"/>
</kw>
<kw name="Run Keyword And Ignore Error" owner="BuiltIn">
<kw name="Click Element" owner="SeleniumLibrary">
<msg time="2026-09-12T18:35:03.720950" level="INFO">Clicking element 'id=enterinsurantdata'.</msg>
<arg>${TAB_INSURANT}</arg>
<doc>Click the element identified by ``locator``.</doc>
<status status="PASS" start="2026-09-12T18:35:03.720950" elapsed="0.048961"/>
</kw>
<arg>Click Element</arg>
<arg>${TAB_INSURANT}</arg>
<doc>Runs the given keyword with the given arguments and ignores possible error.</doc>
<status status="PASS" start="2026-09-12T18:35:03.719917" elapsed="0.049994"/>
</kw>
<kw name="Run Keyword And Ignore Error" owner="BuiltIn">
<kw name="Click Element" owner="SeleniumLibrary">
<msg time="2026-09-12T18:35:03.770925" level="INFO">Clicking element 'id=nextenterproductdata'.</msg>
<arg>${BTN_NEXT_PRODUCT}</arg>
<doc>Click the element identified by ``locator``.</doc>
<status status="PASS" start="2026-09-12T18:35:03.770925" elapsed="0.068007"/>
</kw>
<arg>Click Element</arg>
<arg>${BTN_NEXT_PRODUCT}</arg>
<doc>Runs the given keyword with the given arguments and ignores possible error.</doc>
<status status="PASS" start="2026-09-12T18:35:03.769911" elapsed="0.069021"/>
</kw>
<kw name="Wait Until Page Contains Element" owner="SeleniumLibrary">
<arg>xpath=//a[@id='enterinsurantdata']//span[contains(@class,'counter')]</arg>
<arg>timeout=${TIMEOUT}</arg>
<doc>Waits until the element ``locator`` appears on the current page.</doc>
<status status="PASS" start="2026-09-12T18:35:03.839919" elapsed="0.013003"/>
</kw>
<kw name="Run Keyword And Ignore Error" owner="BuiltIn">
<kw name="Click Element" owner="SeleniumLibrary">
<msg time="2026-09-12T18:35:03.854920" level="INFO">Clicking element 'id=enterproductdata'.</msg>
<arg>${TAB_PRODUCT}</arg>
<doc>Click the element identified by ``locator``.</doc>
<status status="PASS" start="2026-09-12T18:35:03.853921" elapsed="0.057992"/>
</kw>
<arg>Click Element</arg>
<arg>${TAB_PRODUCT}</arg>
<doc>Runs the given keyword with the given arguments and ignores possible error.</doc>
<status status="PASS" start="2026-09-12T18:35:03.852922" elapsed="0.058991"/>
</kw>
<kw name="Run Keyword And Ignore Error" owner="BuiltIn">
<kw name="Click Element" owner="SeleniumLibrary">
<msg time="2026-09-12T18:35:03.913914" level="INFO">Clicking element 'id=nextselectpriceoption'.</msg>
<arg>${BTN_NEXT_PRICE}</arg>
<doc>Click the element identified by ``locator``.</doc>
<status status="PASS" start="2026-09-12T18:35:03.913914" elapsed="0.053997"/>
</kw>
<arg>Click Element</arg>
<arg>${BTN_NEXT_PRICE}</arg>
<doc>Runs the given keyword with the given arguments and ignores possible error.</doc>
<status status="PASS" start="2026-09-12T18:35:03.912912" elapsed="0.056000"/>
</kw>
<kw name="Wait Until Page Contains Element" owner="SeleniumLibrary">
<arg>xpath=//a[@id='enterproductdata']//span[contains(@class,'counter')]</arg>
<arg>timeout=${TIMEOUT}</arg>
<doc>Waits until the element ``locator`` appears on the current page.</doc>
<status status="PASS" start="2026-09-12T18:35:03.968912" elapsed="0.008001"/>
</kw>
<kw name="Element Should Not Be Visible" owner="SeleniumLibrary">
<msg time="2026-09-12T18:35:03.992910" level="INFO">Element 'id=selectsilver' exists but is not displayed.</msg>
<arg>${SELECT_SILVER}</arg>
<doc>Verifies that the element identified by ``locator`` is NOT visible.</doc>
<status status="PASS" start="2026-09-12T18:35:03.976913" elapsed="0.015997"/>
</kw>
<kw name="Close Browser" owner="SeleniumLibrary" type="TEARDOWN">
<doc>Closes the current browser.</doc>
<status status="PASS" start="2026-09-12T18:35:03.993909" elapsed="2.138603"/>
</kw>
<doc>กรอกข้อมูลไม่สมบูรณ์/ไม่ถูกต้องเพื่อทดสอบการแจ้งเตือนและไม่สามารถไปหน้าเลือก Package ได้</doc>
<status status="PASS" start="2026-09-12T18:34:55.719997" elapsed="10.413501"/>
</test>
<doc>UAT-Lab11-002: การขอใบเสนอราคาผลิตภัณฑ์สำหรับรถยนต์ไม่สำเร็จ</doc>
<status status="PASS" start="2026-09-12T18:34:55.447996" elapsed="10.686499"/>
</suite>
<statistics>
<total>
<stat pass="1" fail="0" skip="0">All Tests</stat>
</total>
<tag>
</tag>
<suite>
<stat name="Insurance Test Scenario2" id="s1" pass="1" fail="0" skip="0">Insurance Test Scenario2</stat>
</suite>
</statistics>
<errors>
</errors>
</robot>
